2011-06-13 14:43:48.147 -0700	AuditLog.fp7	0	Import operations started
2011-06-13 14:43:48.199 -0700	AuditLog.fp7	0	Import of script steps from clipboard started
2011-06-13 14:43:48.350 -0700	Audit Log: Prototype	0	script steps imported : 1
2011-06-13 14:43:48.350 -0700	AuditLog.fp7	0	Import completed
2011-06-13 14:44:13.834 -0700	AuditLog.fp7	0	Import operations committed
2011-06-13 14:44:20.370 -0700	AuditLog.fp7	0	Import of script steps from clipboard started
2011-06-13 14:44:20.374 -0700	Audit Log: Prototype	0	script steps imported : 1
2011-06-13 14:44:20.374 -0700	AuditLog.fp7	0	Import completed
2011-06-13 14:44:33.583 -0700	AuditLog.fp7	0	Import operations committed
2011-06-13 15:31:41.708 -0700	AuditLog.fp7	0	Import operations started
2011-06-13 15:31:41.734 -0700	AuditLog.fp7	0	Import of script steps from clipboard started
2011-06-13 15:31:41.760 -0700	Audit Log: Prototype	0	script steps imported : 1
2011-06-13 15:31:41.765 -0700	AuditLog.fp7	0	Import completed
2011-06-13 15:33:10.383 -0700	AuditLog.fp7	0	Import operations committed
2011-06-13 15:33:19.867 -0700	AuditLog.fp7	0	Import operations committed
2011-06-13 15:33:31.188 -0700	AuditLog.fp7	0	Import operations committed
2011-06-13 15:33:39.086 -0700	AuditLog.fp7	0	Import operations committed
2011-06-13 15:33:46.691 -0700	AuditLog.fp7	0	Import of script steps from clipboard started
2011-06-13 15:33:46.692 -0700	Audit Log: Prototype	0	script steps imported : 1
2011-06-13 15:33:46.692 -0700	AuditLog.fp7	0	Import completed
2011-06-13 15:33:53.882 -0700	AuditLog.fp7	0	Import operations committed
2011-06-13 15:33:58.287 -0700	AuditLog.fp7	0	Import of script steps from clipboard started
2011-06-13 15:33:58.291 -0700	Audit Log: Prototype	0	script steps imported : 1
2011-06-13 15:33:58.291 -0700	AuditLog.fp7	0	Import completed
2011-06-13 15:38:22.608 -0700	AuditLog.fp7	0	Import operations committed
2011-06-13 15:38:47.665 -0700	AuditLog.fp7	0	Import of script steps from clipboard started
2011-06-13 15:38:47.669 -0700	Audit Log: Prototype	0	script steps imported : 1
2011-06-13 15:38:47.669 -0700	AuditLog.fp7	0	Import completed
2011-06-13 15:39:21.055 -0700	AuditLog.fp7	0	Import operations committed
2011-06-13 15:40:15.206 -0700	AuditLog.fp7	0	Import operations committed
2011-06-13 16:01:00.324 -0700	AuditLog.fp7	0	Import of script steps from clipboard started
2011-06-13 16:01:00.415 -0700	Audit Log: Prototype	0	script steps imported : 1
2011-06-13 16:01:00.416 -0700	AuditLog.fp7	0	Import completed
2011-06-13 16:01:15.031 -0700	AuditLog.fp7	0	Import operations committed
2011-06-13 16:01:30.084 -0700	AuditLog.fp7	0	Import of script steps from clipboard started
2011-06-13 16:01:30.087 -0700	Audit Log: Prototype	0	script steps imported : 1
2011-06-13 16:01:30.088 -0700	AuditLog.fp7	0	Import completed
2011-06-13 16:01:59.963 -0700	AuditLog.fp7	0	Import operations committed
2011-06-13 16:04:02.939 -0700	AuditLog.fp7	0	Import operations committed
2011-06-13 16:04:13.256 -0700	AuditLog.fp7	0	Import of script steps from clipboard started
2011-06-13 16:04:13.260 -0700	Audit Log: Prototype	0	script steps imported : 1
2011-06-13 16:04:13.260 -0700	AuditLog.fp7	0	Import completed
2011-06-13 16:06:06.588 -0700	AuditLog.fp7	0	Import operations committed
2011-06-13 16:07:06.477 -0700	AuditLog.fp7	0	Import operations committed
2011-06-13 16:08:45.564 -0700	AuditLog.fp7	0	Import operations committed
2011-06-13 16:08:57.537 -0700	AuditLog.fp7	0	Import of script steps from clipboard started
2011-06-13 16:08:57.541 -0700	Audit Log: Prototype	0	script steps imported : 1
2011-06-13 16:08:57.542 -0700	AuditLog.fp7	0	Import completed
2011-06-13 16:10:36.534 -0700	AuditLog.fp7	0	Import operations committed
2011-06-13 16:10:46.914 -0700	AuditLog.fp7	0	Import of script steps from clipboard started
2011-06-13 16:10:46.920 -0700	Audit Log: Prototype	0	script steps imported : 1
2011-06-13 16:10:46.929 -0700	AuditLog.fp7	0	Import completed
2011-06-13 16:11:48.290 -0700	AuditLog.fp7	0	Import operations committed
2011-06-13 16:11:55.360 -0700	AuditLog.fp7	0	Import of script steps from clipboard started
2011-06-13 16:11:55.375 -0700	Audit Log: Prototype	0	script steps imported : 1
2011-06-13 16:11:55.375 -0700	AuditLog.fp7	0	Import completed
2011-06-13 16:12:02.349 -0700	AuditLog.fp7	0	Import operations committed
2011-06-13 16:12:46.528 -0700	AuditLog.fp7	0	Import operations committed
2011-06-13 16:12:59.156 -0700	AuditLog.fp7	0	Import operations committed
2011-06-13 16:13:38.206 -0700	AuditLog.fp7	0	Import of script steps from clipboard started
2011-06-13 16:13:38.211 -0700	Audit Log: Prototype	0	script steps imported : 1
2011-06-13 16:13:38.211 -0700	AuditLog.fp7	0	Import completed
2011-06-13 16:13:55.931 -0700	AuditLog.fp7	0	Import operations committed
2011-06-13 16:15:05.763 -0700	AuditLog.fp7	0	Import of script steps from clipboard started
2011-06-13 16:15:05.814 -0700	Audit Log: Prototype	0	script steps imported : 1
2011-06-13 16:15:05.832 -0700	AuditLog.fp7	0	Import completed
2011-06-13 16:15:35.491 -0700	AuditLog.fp7	0	Import of script steps from clipboard started
2011-06-13 16:15:35.495 -0700	Audit Log: Prototype	0	script steps imported : 1
2011-06-13 16:15:35.495 -0700	AuditLog.fp7	0	Import completed
2011-06-13 16:17:18.736 -0700	AuditLog.fp7	0	Import operations committed
